# JRE version: Java(TM) SE Runtime Environment (8.0_101-b13) (build 1.8.0_101-b13)
# Java VM: Java HotSpot(TM) 64-Bit Server VM (25.101-b13 mixed mode windows-amd64 compressed oops)
Heap:
 PSYoungGen      total 76288K, used 9893K [0x000000076b400000, 0x0000000770900000, 0x00000007c0000000)
  eden space 65536K, 15% used [0x000000076b400000,0x000000076bda97b8,0x000000076f400000)
  from space 10752K, 0% used [0x000000076f400000,0x000000076f400000,0x000000076fe80000)
  to   space 10752K, 0% used [0x000000076fe80000,0x000000076fe80000,0x0000000770900000)
 ParOldGen       total 78336K, used 10519K [0x00000006c1c00000, 0x00000006c6880000, 0x000000076b400000)
  object space 78336K, 13% used [0x00000006c1c00000,0x00000006c2645cc0,0x00000006c6880000)
 Metaspace       used 20271K, capacity 21666K, committed 21936K, reserved 1069056K
  class space    used 2860K, capacity 3147K, committed 3248K, reserved 1048576K
GC Heap History (4 events):
Event: 25.881 GC heap before
{Heap before GC invocations=1 (full 0):
 PSYoungGen      total 76288K, used 60207K [0x000000076b400000, 0x0000000770900000, 0x00000007c0000000)
  eden space 65536K, 91% used [0x000000076b400000,0x000000076eecbde0,0x000000076f400000)
  from space 10752K, 0% used [0x000000076fe80000,0x000000076fe80000,0x0000000770900000)
  to   space 10752K, 0% used [0x000000076f400000,0x000000076f400000,0x000000076fe80000)
 ParOldGen       total 175104K, used 0K [0x00000006c1c00000, 0x00000006cc700000, 0x000000076b400000)
  object space 175104K, 0% used [0x00000006c1c00000,0x00000006c1c00000,0x00000006cc700000)
 Metaspace       used 19891K, capacity 21282K, committed 21296K, reserved 1067008K
  class space    used 2835K, capacity 3109K, committed 3120K, reserved 1048576K
Event: 25.890 GC heap after
Heap after GC invocations=1 (full 0):
 PSYoungGen      total 76288K, used 10162K [0x000000076b400000, 0x0000000770900000, 0x00000007c0000000)
  eden space 65536K, 0% used [0x000000076b400000,0x000000076b400000,0x000000076f400000)
  from space 10752K, 94% used [0x000000076f400000,0x000000076fdecae0,0x000000076fe80000)
  to   space 10752K, 0% used [0x000000076fe80000,0x000000076fe80000,0x0000000770900000)
 ParOldGen       total 175104K, used 2163K [0x00000006c1c00000, 0x00000006cc700000, 0x000000076b400000)
  object space 175104K, 1% used [0x00000006c1c00000,0x00000006c1e1cc70,0x00000006cc700000)
 Metaspace       used 19891K, capacity 21282K, committed 21296K, reserved 1067008K
  class space    used 2835K, capacity 3109K, committed 3120K, reserved 1048576K
}
Event: 25.890 GC heap before
{Heap before GC invocations=2 (full 1):
 PSYoungGen      total 76288K, used 10162K [0x000000076b400000, 0x0000000770900000, 0x00000007c0000000)
  eden space 65536K, 0% used [0x000000076b400000,0x000000076b400000,0x000000076f400000)
  from space 10752K, 94% used [0x000000076f400000,0x000000076fdecae0,0x000000076fe80000)
  to   space 10752K, 0% used [0x000000076fe80000,0x000000076fe80000,0x0000000770900000)
 ParOldGen       total 175104K, used 2163K [0x00000006c1c00000, 0x00000006cc700000, 0x000000076b400000)
  object space 175104K, 1% used [0x00000006c1c00000,0x00000006c1e1cc70,0x00000006cc700000)
 Metaspace       used 19891K, capacity 21282K, committed 21296K, reserved 1067008K
  class space    used 2835K, capacity 3109K, committed 3120K, reserved 1048576K
Event: 25.926 GC heap after
Heap after GC invocations=2 (full 1):
 PSYoungGen      total 76288K, used 0K [0x000000076b400000, 0x0000000770900000, 0x00000007c0000000)
  eden space 65536K, 0% used [0x000000076b400000,0x000000076b400000,0x000000076f400000)
  from space 10752K, 0% used [0x000000076f400000,0x000000076f400000,0x000000076fe80000)
  to   space 10752K, 0% used [0x000000076fe80000,0x000000076fe80000,0x0000000770900000)
 ParOldGen       total 78336K, used 10519K [0x00000006c1c00000, 0x00000006c6880000, 0x000000076b400000)
  object space 78336K, 13% used [0x00000006c1c00000,0x00000006c2645cc0,0x00000006c6880000)
 Metaspace       used 19891K, capacity 21282K, committed 21296K, reserved 1067008K
  class space    used 2835K, capacity 3109K, committed 3120K, reserved 1048576K
}

