# JRE version: Java(TM) SE Runtime Environment (8.0_101-b13) (build 1.8.0_101-b13)
# Java VM: Java HotSpot(TM) 64-Bit Server VM (25.101-b13 mixed mode windows-amd64 compressed oops)
Heap:
 PSYoungGen      total 76288K, used 3313K [0x000000076b400000, 0x0000000770900000, 0x00000007c0000000)
  eden space 65536K, 5% used [0x000000076b400000,0x000000076b73c4a8,0x000000076f400000)
  from space 10752K, 0% used [0x000000076f400000,0x000000076f400000,0x000000076fe80000)
  to   space 10752K, 0% used [0x000000076fe80000,0x000000076fe80000,0x0000000770900000)
 ParOldGen       total 79360K, used 11041K [0x00000006c1c00000, 0x00000006c6980000, 0x000000076b400000)
  object space 79360K, 13% used [0x00000006c1c00000,0x00000006c26c8558,0x00000006c6980000)
 Metaspace       used 19887K, capacity 21302K, committed 21552K, reserved 1067008K
  class space    used 2844K, capacity 3125K, committed 3200K, reserved 1048576K
GC Heap History (4 events):
Event: 37.282 GC heap before
{Heap before GC invocations=1 (full 0):
 PSYoungGen      total 76288K, used 61530K [0x000000076b400000, 0x0000000770900000, 0x00000007c0000000)
  eden space 65536K, 93% used [0x000000076b400000,0x000000076f016968,0x000000076f400000)
  from space 10752K, 0% used [0x000000076fe80000,0x000000076fe80000,0x0000000770900000)
  to   space 10752K, 0% used [0x000000076f400000,0x000000076f400000,0x000000076fe80000)
 ParOldGen       total 175104K, used 0K [0x00000006c1c00000, 0x00000006cc700000, 0x000000076b400000)
  object space 175104K, 0% used [0x00000006c1c00000,0x00000006c1c00000,0x00000006cc700000)
 Metaspace       used 19828K, capacity 21216K, committed 21296K, reserved 1067008K
  class space    used 2834K, capacity 3120K, committed 3200K, reserved 1048576K
Event: 37.292 GC heap after
Heap after GC invocations=1 (full 0):
 PSYoungGen      total 76288K, used 10720K [0x000000076b400000, 0x0000000770900000, 0x00000007c0000000)
  eden space 65536K, 0% used [0x000000076b400000,0x000000076b400000,0x000000076f400000)
  from space 10752K, 99% used [0x000000076f400000,0x000000076fe78040,0x000000076fe80000)
  to   space 10752K, 0% used [0x000000076fe80000,0x000000076fe80000,0x0000000770900000)
 ParOldGen       total 175104K, used 2465K [0x00000006c1c00000, 0x00000006cc700000, 0x000000076b400000)
  object space 175104K, 1% used [0x00000006c1c00000,0x00000006c1e686f0,0x00000006cc700000)
 Metaspace       used 19828K, capacity 21216K, committed 21296K, reserved 1067008K
  class space    used 2834K, capacity 3120K, committed 3200K, reserved 1048576K
}
Event: 37.292 GC heap before
{Heap before GC invocations=2 (full 1):
 PSYoungGen      total 76288K, used 10720K [0x000000076b400000, 0x0000000770900000, 0x00000007c0000000)
  eden space 65536K, 0% used [0x000000076b400000,0x000000076b400000,0x000000076f400000)
  from space 10752K, 99% used [0x000000076f400000,0x000000076fe78040,0x000000076fe80000)
  to   space 10752K, 0% used [0x000000076fe80000,0x000000076fe80000,0x0000000770900000)
 ParOldGen       total 175104K, used 2465K [0x00000006c1c00000, 0x00000006cc700000, 0x000000076b400000)
  object space 175104K, 1% used [0x00000006c1c00000,0x00000006c1e686f0,0x00000006cc700000)
 Metaspace       used 19828K, capacity 21216K, committed 21296K, reserved 1067008K
  class space    used 2834K, capacity 3120K, committed 3200K, reserved 1048576K
Event: 37.329 GC heap after
Heap after GC invocations=2 (full 1):
 PSYoungGen      total 76288K, used 0K [0x000000076b400000, 0x0000000770900000, 0x00000007c0000000)
  eden space 65536K, 0% used [0x000000076b400000,0x000000076b400000,0x000000076f400000)
  from space 10752K, 0% used [0x000000076f400000,0x000000076f400000,0x000000076fe80000)
  to   space 10752K, 0% used [0x000000076fe80000,0x000000076fe80000,0x0000000770900000)
 ParOldGen       total 79360K, used 11041K [0x00000006c1c00000, 0x00000006c6980000, 0x000000076b400000)
  object space 79360K, 13% used [0x00000006c1c00000,0x00000006c26c8558,0x00000006c6980000)
 Metaspace       used 19828K, capacity 21216K, committed 21296K, reserved 1067008K
  class space    used 2834K, capacity 3120K, committed 3200K, reserved 1048576K
}

